2023-11-06 14:19:58,495 DEBUG    root            Loaded Command Group: ['gcloud', 'components']
2023-11-06 14:19:58,498 DEBUG    root            Loaded Command Group: ['gcloud', 'components', 'update']
2023-11-06 14:19:58,501 DEBUG    root            Running [gcloud.components.update] with arguments: [--quiet: "True", COMPONENT-IDS:8: "['gcloud', 'core', 'bq', 'gsutil', 'compute', 'preview', 'alpha', 'beta']"]
2023-11-06 14:19:58,502 INFO     ___FILE_ONLY___ Beginning update. This process may take several minutes.

2023-11-06 14:19:58,507 DEBUG    urllib3.connectionpool Starting new HTTPS connection (1): dl.google.com:443
2023-11-06 14:19:58,655 DEBUG    urllib3.connectionpool https://dl.google.com:443 "GET /dl/cloudsdk/channels/rapid/components-2.json HTTP/1.1" 200 209943
2023-11-06 14:19:58,675 WARNING  root            Component [preview] no longer exists.
2023-11-06 14:19:58,675 WARNING  root            Component [compute] no longer exists.
2023-11-06 14:19:58,676 INFO     ___FILE_ONLY___ 

2023-11-06 14:19:58,676 INFO     ___FILE_ONLY___ 
Your current Google Cloud CLI version is: 453.0.0

2023-11-06 14:19:58,677 INFO     ___FILE_ONLY___ Installing components from version: 453.0.0

2023-11-06 14:19:58,677 INFO     ___FILE_ONLY___ 

2023-11-06 14:19:58,677 DEBUG    root            Chosen display Format:table[box,title="These components will be removed."](details.display_name:label=Name:align=left,version.version_string:label=Version:align=right,data.size.size(zero="",min=1048576):label=Size:align=right)
2023-11-06 14:19:58,678 DEBUG    root            Chosen display Format:table[box,title="These components will be updated."](details.display_name:label=Name:align=left,version.version_string:label=Version:align=right,data.size.size(zero="",min=1048576):label=Size:align=right)
2023-11-06 14:19:58,678 DEBUG    root            Chosen display Format:table[box,title="These components will be installed."](details.display_name:label=Name:align=left,version.version_string:label=Version:align=right,data.size.size(zero="",min=1048576):label=Size:align=right)
2023-11-06 14:19:58,680 INFO     ___FILE_ONLY___ ┌──────────────────────────────────────────────┐
2023-11-06 14:19:58,680 INFO     ___FILE_ONLY___ 

2023-11-06 14:19:58,680 INFO     ___FILE_ONLY___ │     These components will be installed.      │
2023-11-06 14:19:58,680 INFO     ___FILE_ONLY___ 

2023-11-06 14:19:58,680 INFO     ___FILE_ONLY___ ├───────────────────────┬────────────┬─────────┤
2023-11-06 14:19:58,681 INFO     ___FILE_ONLY___ 

2023-11-06 14:19:58,681 INFO     ___FILE_ONLY___ │          Name         │  Version   │   Size  │
2023-11-06 14:19:58,681 INFO     ___FILE_ONLY___ 

2023-11-06 14:19:58,681 INFO     ___FILE_ONLY___ ├───────────────────────┼────────────┼─────────┤
2023-11-06 14:19:58,681 INFO     ___FILE_ONLY___ 

2023-11-06 14:19:58,681 INFO     ___FILE_ONLY___ │ 
2023-11-06 14:19:58,681 INFO     ___FILE_ONLY___ gcloud Alpha Commands
2023-11-06 14:19:58,681 INFO     ___FILE_ONLY___  
2023-11-06 14:19:58,681 INFO     ___FILE_ONLY___ │ 
2023-11-06 14:19:58,681 INFO     ___FILE_ONLY___ 2023.10.27
2023-11-06 14:19:58,681 INFO     ___FILE_ONLY___  
2023-11-06 14:19:58,681 INFO     ___FILE_ONLY___ │ 
2023-11-06 14:19:58,681 INFO     ___FILE_ONLY___ < 1 MiB
2023-11-06 14:19:58,681 INFO     ___FILE_ONLY___  
2023-11-06 14:19:58,681 INFO     ___FILE_ONLY___ │
2023-11-06 14:19:58,682 INFO     ___FILE_ONLY___ 

2023-11-06 14:19:58,682 INFO     ___FILE_ONLY___ │ 
2023-11-06 14:19:58,682 INFO     ___FILE_ONLY___ gcloud Beta Commands 
2023-11-06 14:19:58,682 INFO     ___FILE_ONLY___  
2023-11-06 14:19:58,682 INFO     ___FILE_ONLY___ │ 
2023-11-06 14:19:58,682 INFO     ___FILE_ONLY___ 2023.10.27
2023-11-06 14:19:58,682 INFO     ___FILE_ONLY___  
2023-11-06 14:19:58,682 INFO     ___FILE_ONLY___ │ 
2023-11-06 14:19:58,682 INFO     ___FILE_ONLY___ < 1 MiB
2023-11-06 14:19:58,682 INFO     ___FILE_ONLY___  
2023-11-06 14:19:58,682 INFO     ___FILE_ONLY___ │
2023-11-06 14:19:58,682 INFO     ___FILE_ONLY___ 

2023-11-06 14:19:58,682 INFO     ___FILE_ONLY___ └───────────────────────┴────────────┴─────────┘
2023-11-06 14:19:58,682 INFO     ___FILE_ONLY___ 

2023-11-06 14:19:58,682 INFO     ___FILE_ONLY___ 

2023-11-06 14:19:58,686 DEBUG    urllib3.connectionpool Starting new HTTPS connection (1): dl.google.com:443
2023-11-06 14:19:58,776 DEBUG    urllib3.connectionpool https://dl.google.com:443 "GET /dl/cloudsdk/channels/rapid/RELEASE_NOTES HTTP/1.1" 200 1101768
2023-11-06 14:19:58,888 INFO     ___FILE_ONLY___ For the latest full release notes, please visit:
  https://cloud.google.com/sdk/release_notes


2023-11-06 14:19:58,890 INFO     ___FILE_ONLY___ ╔════════════════════════════════════════════════════════════╗

2023-11-06 14:19:58,890 INFO     ___FILE_ONLY___ ╠═ Creating update staging area                             ═╣

2023-11-06 14:19:58,890 INFO     ___FILE_ONLY___ ╚
2023-11-06 14:19:58,890 INFO     ___FILE_ONLY___ ══════
2023-11-06 14:19:59,532 INFO     ___FILE_ONLY___ ══════
2023-11-06 14:19:59,532 INFO     ___FILE_ONLY___ ══════
2023-11-06 14:19:59,978 INFO     ___FILE_ONLY___ ═
2023-11-06 14:20:00,035 INFO     ___FILE_ONLY___ ═
2023-11-06 14:20:00,083 INFO     ___FILE_ONLY___ ═
2023-11-06 14:20:00,167 INFO     ___FILE_ONLY___ ═
2023-11-06 14:20:00,248 INFO     ___FILE_ONLY___ ═
2023-11-06 14:20:00,318 INFO     ___FILE_ONLY___ ═
2023-11-06 14:20:00,391 INFO     ___FILE_ONLY___ ═
2023-11-06 14:20:00,451 INFO     ___FILE_ONLY___ ═
2023-11-06 14:20:00,515 INFO     ___FILE_ONLY___ ═
2023-11-06 14:20:00,560 INFO     ___FILE_ONLY___ ═
2023-11-06 14:20:00,625 INFO     ___FILE_ONLY___ ═
2023-11-06 14:20:00,689 INFO     ___FILE_ONLY___ ═
2023-11-06 14:20:00,751 INFO     ___FILE_ONLY___ ═
2023-11-06 14:20:00,812 INFO     ___FILE_ONLY___ ═
2023-11-06 14:20:00,882 INFO     ___FILE_ONLY___ ═
2023-11-06 14:20:00,935 INFO     ___FILE_ONLY___ ═
2023-11-06 14:20:00,989 INFO     ___FILE_ONLY___ ═
2023-11-06 14:20:01,046 INFO     ___FILE_ONLY___ ═
2023-11-06 14:20:01,100 INFO     ___FILE_ONLY___ ═
2023-11-06 14:20:01,157 INFO     ___FILE_ONLY___ ═
2023-11-06 14:20:01,225 INFO     ___FILE_ONLY___ ═
2023-11-06 14:20:01,280 INFO     ___FILE_ONLY___ ═
2023-11-06 14:20:01,338 INFO     ___FILE_ONLY___ ═
2023-11-06 14:20:01,402 INFO     ___FILE_ONLY___ ═
2023-11-06 14:20:01,452 INFO     ___FILE_ONLY___ ═
2023-11-06 14:20:01,509 INFO     ___FILE_ONLY___ ═
2023-11-06 14:20:01,574 INFO     ___FILE_ONLY___ ═
2023-11-06 14:20:01,704 INFO     ___FILE_ONLY___ ═
2023-11-06 14:20:01,768 INFO     ___FILE_ONLY___ ═
2023-11-06 14:20:01,833 INFO     ___FILE_ONLY___ ═
2023-11-06 14:20:01,895 INFO     ___FILE_ONLY___ ═
2023-11-06 14:20:01,944 INFO     ___FILE_ONLY___ ═
2023-11-06 14:20:01,987 INFO     ___FILE_ONLY___ ═
2023-11-06 14:20:02,031 INFO     ___FILE_ONLY___ ═
2023-11-06 14:20:02,084 INFO     ___FILE_ONLY___ ═
2023-11-06 14:20:02,152 INFO     ___FILE_ONLY___ ═
2023-11-06 14:20:02,219 INFO     ___FILE_ONLY___ ═
2023-11-06 14:20:02,287 INFO     ___FILE_ONLY___ ═
2023-11-06 14:20:02,446 INFO     ___FILE_ONLY___ ═
2023-11-06 14:20:02,501 INFO     ___FILE_ONLY___ ═
2023-11-06 14:20:02,560 INFO     ___FILE_ONLY___ ═
2023-11-06 14:20:02,640 INFO     ___FILE_ONLY___ ═
2023-11-06 14:20:02,640 INFO     ___FILE_ONLY___ ╝

2023-11-06 14:20:05,716 INFO     ___FILE_ONLY___ ╔════════════════════════════════════════════════════════════╗

2023-11-06 14:20:05,716 INFO     ___FILE_ONLY___ ╠═ Installing: gcloud Alpha Commands                        ═╣

2023-11-06 14:20:05,716 INFO     ___FILE_ONLY___ ╚
2023-11-06 14:20:05,720 DEBUG    urllib3.connectionpool Starting new HTTPS connection (1): dl.google.com:443
2023-11-06 14:20:05,895 DEBUG    urllib3.connectionpool https://dl.google.com:443 "GET /dl/cloudsdk/channels/rapid/components/google-cloud-sdk-alpha-20231027131936.tar.gz HTTP/1.1" 200 800
2023-11-06 14:20:05,896 INFO     ___FILE_ONLY___ ══════════════════════════════
2023-11-06 14:20:05,897 INFO     ___FILE_ONLY___ ══════════════════════════════
2023-11-06 14:20:05,897 INFO     ___FILE_ONLY___ ╝

2023-11-06 14:20:05,905 INFO     ___FILE_ONLY___ ╔════════════════════════════════════════════════════════════╗

2023-11-06 14:20:05,905 INFO     ___FILE_ONLY___ ╠═ Installing: gcloud Beta Commands                         ═╣

2023-11-06 14:20:05,905 INFO     ___FILE_ONLY___ ╚
2023-11-06 14:20:05,909 DEBUG    urllib3.connectionpool Starting new HTTPS connection (1): dl.google.com:443
2023-11-06 14:20:05,994 DEBUG    urllib3.connectionpool https://dl.google.com:443 "GET /dl/cloudsdk/channels/rapid/components/google-cloud-sdk-beta-20231027131936.tar.gz HTTP/1.1" 200 797
2023-11-06 14:20:05,995 INFO     ___FILE_ONLY___ ══════════════════════════════
2023-11-06 14:20:05,996 INFO     ___FILE_ONLY___ ══════════════════════════════
2023-11-06 14:20:05,996 INFO     ___FILE_ONLY___ ╝

2023-11-06 14:20:06,003 INFO     ___FILE_ONLY___ ╔════════════════════════════════════════════════════════════╗

2023-11-06 14:20:06,003 INFO     ___FILE_ONLY___ ╠═ Creating backup and activating new installation          ═╣

2023-11-06 14:20:06,003 INFO     ___FILE_ONLY___ ╚
2023-11-06 14:20:06,003 DEBUG    root            Attempting to move directory [/tools/google-cloud-sdk] to [/tools/google-cloud-sdk.staging/.install/.backup]
2023-11-06 14:20:06,004 INFO     ___FILE_ONLY___ ══════════════════════════════
2023-11-06 14:20:06,004 DEBUG    root            Attempting to move directory [/tools/google-cloud-sdk.staging] to [/tools/google-cloud-sdk]
2023-11-06 14:20:06,004 INFO     ___FILE_ONLY___ ══════════════════════════════
2023-11-06 14:20:06,004 INFO     ___FILE_ONLY___ ╝

2023-11-06 14:20:06,008 DEBUG    root            Updating notification cache...
2023-11-06 14:20:06,008 INFO     ___FILE_ONLY___ 

2023-11-06 14:20:06,010 INFO     ___FILE_ONLY___ Performing post processing steps...
2023-11-06 14:20:06,011 DEBUG    root            Executing command: ['python3', '-S', '/tools/google-cloud-sdk/lib/gcloud.py', 'components', 'post-process']
2023-11-06 14:20:15,003 DEBUG    ___FILE_ONLY___ 
2023-11-06 14:20:15,003 DEBUG    ___FILE_ONLY___ 
2023-11-06 14:20:15,023 INFO     ___FILE_ONLY___ 
Update done!


2023-11-06 14:20:15,027 DEBUG    root            Chosen display Format:none
2023-11-06 14:20:15,027 INFO     root            Display format: "none"
